2025-01-10 17:23:37.266 [main] DEBUG c.k.m.b.f.s.DefaultListableBeanFactory - Registered bean definition for bean named 'testBean'
2025-01-10 17:23:37.266 [main] DEBUG c.k.m.b.f.s.DefaultListableBeanFactory - Registered bean definition for bean named 'testBean'
2025-01-10 17:23:37.270 [main] DEBUG c.k.m.b.f.s.DefaultListableBeanFactory - Registered bean definition for bean named 'testBean'
2025-01-10 17:23:37.270 [main] DEBUG c.k.m.b.f.s.DefaultListableBeanFactory - Registered bean definition for bean named 'testBean'
2025-01-10 17:23:37.270 [main] DEBUG c.k.m.b.f.s.DefaultListableBeanFactory - Instantiated singleton bean 'testBean'
2025-01-10 17:23:37.270 [main] DEBUG c.k.m.b.f.s.DefaultListableBeanFactory - Found singleton bean 'testBean'
2025-01-10 17:23:37.270 [main] DEBUG c.k.m.b.f.s.DefaultListableBeanFactory - Found singleton bean 'testBean'
2025-01-10 17:23:37.270 [main] DEBUG c.k.m.b.f.s.DefaultListableBeanFactory - Registered singleton bean named 'testBean'
2025-01-10 17:23:37.270 [main] DEBUG c.k.m.b.f.s.DefaultListableBeanFactory - Found singleton bean 'testBean'
2025-01-10 17:28:29.415 [main] DEBUG c.k.m.b.f.s.DefaultListableBeanFactory - Registered bean definition for bean named 'lifecycleBean'
2025-01-10 17:28:29.415 [main] DEBUG c.k.m.b.f.s.DefaultListableBeanFactory - Invoked init-method 'init' of bean 'lifecycleBean'
2025-01-10 17:28:29.419 [main] DEBUG c.k.m.b.f.s.DefaultListableBeanFactory - Instantiated singleton bean 'lifecycleBean'
2025-01-10 17:28:29.419 [main] DEBUG c.k.m.b.f.s.DefaultListableBeanFactory - Found singleton bean 'lifecycleBean'
2025-01-10 17:28:29.419 [main] DEBUG c.k.m.b.f.s.DefaultListableBeanFactory - Found singleton bean 'lifecycleBean'
2025-01-10 17:28:29.435 [main] DEBUG c.k.m.b.f.s.DefaultListableBeanFactory - Registered bean definition for bean named 'testBean'
2025-01-10 17:28:29.435 [main] DEBUG c.k.m.b.f.s.DefaultListableBeanFactory - Registered bean definition for bean named 'testBean'
2025-01-10 17:28:29.435 [main] DEBUG c.k.m.b.f.s.DefaultListableBeanFactory - Instantiated singleton bean 'testBean'
2025-01-10 17:28:29.439 [main] DEBUG c.k.m.b.f.s.DefaultListableBeanFactory - Found singleton bean 'testBean'
2025-01-10 17:28:29.439 [main] DEBUG c.k.m.b.f.s.DefaultListableBeanFactory - Found singleton bean 'testBean'
2025-01-10 17:29:52.658 [main] DEBUG c.k.m.b.f.s.DefaultListableBeanFactory - Registered bean definition for bean named 'lifecycleBean'
2025-01-10 17:29:52.660 [main] DEBUG c.k.m.b.f.s.DefaultListableBeanFactory - Invoked init-method 'init' of bean 'lifecycleBean'
2025-01-10 17:29:52.660 [main] DEBUG c.k.m.b.f.s.DefaultListableBeanFactory - Instantiated singleton bean 'lifecycleBean'
2025-01-10 17:29:52.662 [main] DEBUG c.k.m.b.f.s.DefaultListableBeanFactory - Found singleton bean 'lifecycleBean'
2025-01-10 17:29:52.662 [main] DEBUG c.k.m.b.f.s.DefaultListableBeanFactory - Found singleton bean 'lifecycleBean'
2025-01-10 17:29:52.675 [main] DEBUG c.k.m.b.f.s.DefaultListableBeanFactory - Registered bean definition for bean named 'testBean'
2025-01-10 17:29:52.677 [main] DEBUG c.k.m.b.f.s.DefaultListableBeanFactory - Registered bean definition for bean named 'testBean'
2025-01-10 17:29:52.677 [main] DEBUG c.k.m.b.f.s.DefaultListableBeanFactory - Instantiated singleton bean 'testBean'
2025-01-10 17:29:52.677 [main] DEBUG c.k.m.b.f.s.DefaultListableBeanFactory - Found singleton bean 'testBean'
2025-01-10 17:29:52.677 [main] DEBUG c.k.m.b.f.s.DefaultListableBeanFactory - Found singleton bean 'testBean'
2025-01-10 17:31:30.939 [main] DEBUG c.k.m.b.f.s.DefaultListableBeanFactory - Registered bean definition for bean named 'lifecycleBean'
2025-01-10 17:31:30.941 [main] DEBUG c.k.m.b.f.s.DefaultListableBeanFactory - Invoked init-method 'init' of bean 'lifecycleBean'
2025-01-10 17:31:30.941 [main] DEBUG c.k.m.b.f.s.DefaultListableBeanFactory - Instantiated singleton bean 'lifecycleBean'
2025-01-10 17:31:30.943 [main] DEBUG c.k.m.b.f.s.DefaultListableBeanFactory - Invoked init-method 'init' of bean 'lifecycleBean'
2025-01-10 17:31:30.943 [main] DEBUG c.k.m.b.f.s.DefaultListableBeanFactory - Instantiated prototype bean 'lifecycleBean'
2025-01-10 17:31:30.943 [main] DEBUG c.k.m.b.f.s.DefaultListableBeanFactory - Invoked init-method 'init' of bean 'lifecycleBean'
2025-01-10 17:31:30.943 [main] DEBUG c.k.m.b.f.s.DefaultListableBeanFactory - Instantiated prototype bean 'lifecycleBean'
2025-01-10 17:31:30.944 [main] DEBUG c.k.m.b.f.s.DefaultListableBeanFactory - Invoked destroy-method 'destroy' of bean 'lifecycleBean'
2025-01-10 17:31:30.944 [main] DEBUG c.k.m.b.f.s.DefaultListableBeanFactory - Destroyed all singleton beans
2025-01-10 17:31:30.951 [main] DEBUG c.k.m.b.f.s.DefaultListableBeanFactory - Registered bean definition for bean named 'testBean'
2025-01-10 17:31:30.953 [main] DEBUG c.k.m.b.f.s.DefaultListableBeanFactory - Registered bean definition for bean named 'testBean'
2025-01-10 17:31:30.954 [main] DEBUG c.k.m.b.f.s.DefaultListableBeanFactory - Instantiated singleton bean 'testBean'
2025-01-10 17:31:30.954 [main] DEBUG c.k.m.b.f.s.DefaultListableBeanFactory - Found singleton bean 'testBean'
2025-01-10 17:31:30.954 [main] DEBUG c.k.m.b.f.s.DefaultListableBeanFactory - Found singleton bean 'testBean'
2025-01-10 17:35:29.610 [main] DEBUG c.k.m.b.f.s.DefaultListableBeanFactory - Registered bean definition for bean named 'lifecycleBean'
2025-01-10 17:35:29.611 [main] DEBUG c.k.m.b.f.s.DefaultListableBeanFactory - Invoked init-method 'init' of bean 'lifecycleBean'
2025-01-10 17:35:29.611 [main] DEBUG c.k.m.b.f.s.DefaultListableBeanFactory - Instantiated singleton bean 'lifecycleBean'
2025-01-10 17:35:29.613 [main] DEBUG c.k.m.b.f.s.DefaultListableBeanFactory - Invoked init-method 'init' of bean 'lifecycleBean'
2025-01-10 17:35:29.613 [main] DEBUG c.k.m.b.f.s.DefaultListableBeanFactory - Instantiated prototype bean 'lifecycleBean'
2025-01-10 17:35:29.613 [main] DEBUG c.k.m.b.f.s.DefaultListableBeanFactory - Invoked init-method 'init' of bean 'lifecycleBean'
2025-01-10 17:35:29.613 [main] DEBUG c.k.m.b.f.s.DefaultListableBeanFactory - Instantiated prototype bean 'lifecycleBean'
2025-01-10 17:35:29.614 [main] DEBUG c.k.m.b.f.s.DefaultListableBeanFactory - Invoked destroy-method 'destroy' of bean 'lifecycleBean'
2025-01-10 17:35:29.614 [main] DEBUG c.k.m.b.f.s.DefaultListableBeanFactory - Destroyed all singleton beans
2025-01-10 17:35:29.621 [main] DEBUG c.k.m.b.f.s.DefaultListableBeanFactory - Registered bean definition for bean named 'testBean'
2025-01-10 17:35:29.622 [main] DEBUG c.k.m.b.f.s.DefaultListableBeanFactory - Registered bean definition for bean named 'testBean'
2025-01-10 17:35:29.623 [main] DEBUG c.k.m.b.f.s.SimpleAliasRegistry - Registered alias 'alias' for name 'testBean'
2025-01-10 17:35:29.623 [main] DEBUG c.k.m.b.f.s.DefaultListableBeanFactory - Registered bean definition for bean named 'anotherBean'
2025-01-10 17:35:29.624 [main] DEBUG c.k.m.b.f.s.SimpleAliasRegistry - Registered alias 'alias1' for name 'testBean'
2025-01-10 17:35:29.624 [main] DEBUG c.k.m.b.f.s.SimpleAliasRegistry - Registered alias 'alias2' for name 'alias1'
2025-01-10 17:35:29.625 [main] DEBUG c.k.m.b.f.s.DefaultListableBeanFactory - Registered bean definition for bean named 'testBean'
2025-01-10 17:35:29.626 [main] DEBUG c.k.m.b.f.s.DefaultListableBeanFactory - Instantiated singleton bean 'testBean'
2025-01-10 17:35:29.626 [main] DEBUG c.k.m.b.f.s.DefaultListableBeanFactory - Found singleton bean 'testBean'
2025-01-10 17:35:29.626 [main] DEBUG c.k.m.b.f.s.DefaultListableBeanFactory - Found singleton bean 'testBean'
2025-01-10 17:35:29.627 [main] DEBUG c.k.m.b.f.s.DefaultListableBeanFactory - Registered bean definition for bean named 'testBean'
2025-01-10 17:35:29.627 [main] DEBUG c.k.m.b.f.s.SimpleAliasRegistry - Registered alias 'testBean1' for name 'testBean'
2025-01-10 17:35:29.627 [main] DEBUG c.k.m.b.f.s.SimpleAliasRegistry - Registered alias 'testBean2' for name 'testBean'
2025-01-10 17:35:29.627 [main] DEBUG c.k.m.b.f.s.DefaultListableBeanFactory - Instantiated singleton bean 'testBean'
2025-01-10 17:35:29.627 [main] DEBUG c.k.m.b.f.s.DefaultListableBeanFactory - Found singleton bean 'testBean'
2025-01-10 17:35:29.627 [main] DEBUG c.k.m.b.f.s.DefaultListableBeanFactory - Found singleton bean 'testBean'
2025-01-10 17:35:29.628 [main] DEBUG c.k.m.b.f.s.SimpleAliasRegistry - Removed alias 'testBean1' for name 'testBean'
2025-01-10 17:41:20.545 [main] DEBUG c.k.m.b.f.s.DefaultListableBeanFactory - Registered bean definition for bean named 'simpleService'
2025-01-10 17:41:20.546 [main] DEBUG c.k.m.b.f.s.DefaultListableBeanFactory - Registered bean definition for bean named 'simpleController'
2025-01-10 17:41:20.547 [main] DEBUG c.k.m.b.f.s.DefaultListableBeanFactory - Created bean 'simpleService' using default constructor
2025-01-10 17:41:20.547 [main] DEBUG c.k.m.b.f.s.DefaultListableBeanFactory - Instantiated singleton bean 'simpleService'
2025-01-10 17:41:20.547 [main] DEBUG c.k.m.b.f.s.DefaultListableBeanFactory - Created bean 'simpleController' using constructor injection
2025-01-10 17:41:20.547 [main] DEBUG c.k.m.b.f.s.DefaultListableBeanFactory - Instantiated singleton bean 'simpleController'
2025-01-10 17:44:30.366 [main] DEBUG c.k.m.b.f.s.DefaultListableBeanFactory - Registered bean definition for bean named 'simpleService'
2025-01-10 17:44:30.367 [main] DEBUG c.k.m.b.f.s.DefaultListableBeanFactory - Registered bean definition for bean named 'simpleController'
2025-01-10 17:44:30.368 [main] DEBUG c.k.m.b.f.s.DefaultListableBeanFactory - Created bean 'simpleController' using default constructor
2025-01-10 17:44:30.368 [main] DEBUG c.k.m.b.f.s.DefaultListableBeanFactory - Created bean 'simpleService' using default constructor
2025-01-10 17:44:30.368 [main] DEBUG c.k.m.b.f.s.DefaultListableBeanFactory - Instantiated singleton bean 'simpleService'
2025-01-10 17:44:30.371 [main] DEBUG c.k.m.b.f.s.DefaultListableBeanFactory - Injected property 'service' of bean 'simpleController'
2025-01-10 17:44:30.372 [main] DEBUG c.k.m.b.f.s.DefaultListableBeanFactory - Instantiated singleton bean 'simpleController'
2025-01-10 17:44:30.381 [main] DEBUG c.k.m.b.f.s.DefaultListableBeanFactory - Registered bean definition for bean named 'simpleController'
2025-01-10 17:44:30.382 [main] DEBUG c.k.m.b.f.s.DefaultListableBeanFactory - Created bean 'simpleController' using default constructor
2025-01-10 17:44:30.382 [main] DEBUG c.k.m.b.f.s.DefaultListableBeanFactory - Injected property 'name' of bean 'simpleController'
2025-01-10 17:44:30.382 [main] DEBUG c.k.m.b.f.s.DefaultListableBeanFactory - Instantiated singleton bean 'simpleController'
2025-01-10 17:49:05.334 [main] DEBUG c.k.m.b.f.s.DefaultListableBeanFactory - Registered bean definition for bean named 'circularC'
2025-01-10 17:49:05.336 [main] DEBUG c.k.m.b.f.s.DefaultListableBeanFactory - Registered bean definition for bean named 'circularD'
2025-01-10 17:49:05.343 [main] DEBUG c.k.m.b.f.s.DefaultListableBeanFactory - Registered bean definition for bean named 'circularA'
2025-01-10 17:49:05.343 [main] DEBUG c.k.m.b.f.s.DefaultListableBeanFactory - Registered bean definition for bean named 'circularB'
2025-01-10 17:49:05.344 [main] DEBUG c.k.m.b.f.s.DefaultListableBeanFactory - Created bean 'circularA' using default constructor
2025-01-10 17:49:05.344 [main] DEBUG c.k.m.b.f.s.DefaultListableBeanFactory - Added factory for singleton bean 'circularA' to third-level cache
2025-01-10 17:49:05.345 [main] DEBUG c.k.m.b.f.s.DefaultListableBeanFactory - Created bean 'circularB' using default constructor
2025-01-10 17:49:05.345 [main] DEBUG c.k.m.b.f.s.DefaultListableBeanFactory - Added factory for singleton bean 'circularB' to third-level cache
2025-01-10 17:49:05.345 [main] DEBUG c.k.m.b.f.s.DefaultListableBeanFactory - Created early reference for singleton bean 'circularA'
2025-01-10 17:49:05.347 [main] DEBUG c.k.m.b.f.s.DefaultListableBeanFactory - Injected property 'circularA' of bean 'circularB'
2025-01-10 17:49:05.347 [main] DEBUG c.k.m.b.f.s.DefaultListableBeanFactory - Added singleton bean 'circularB' to primary cache
2025-01-10 17:49:05.347 [main] DEBUG c.k.m.b.f.s.DefaultListableBeanFactory - Injected property 'circularB' of bean 'circularA'
2025-01-10 17:49:05.347 [main] DEBUG c.k.m.b.f.s.DefaultListableBeanFactory - Added singleton bean 'circularA' to primary cache
2025-01-10 17:49:05.347 [main] DEBUG c.k.m.b.f.s.DefaultListableBeanFactory - Found singleton bean 'circularB' in primary cache
